ERROR - 2025-06-18 22:47:34 --> Error connecting to the database: ErrorException: pg_connect(): Unable to connect to PostgreSQL server: received invalid response to SSL negotiation: J in C:\Users\Richard\Downloads\codeigniter4-framework-d021b04\system\Database\Postgre\Connection.php:78
Stack trace:
#0 [internal function]: CodeIgniter\Debug\Exceptions->errorHandler(2, 'pg_connect(): U...', 'C:\\Users\\Richar...', 78)
#1 C:\Users\Richard\Downloads\codeigniter4-framework-d021b04\system\Database\Postgre\Connection.php(78): pg_connect('host=localhost ...')
#2 C:\Users\Richard\Downloads\codeigniter4-framework-d021b04\system\Database\BaseConnection.php(421): CodeIgniter\Database\Postgre\Connection->connect(false)
#3 C:\Users\Richard\Downloads\codeigniter4-framework-d021b04\system\Database\BaseConnection.php(620): CodeIgniter\Database\BaseConnection->initialize()
#4 C:\Users\Richard\Downloads\codeigniter4-framework-d021b04\system\Database\BaseBuilder.php(1649): CodeIgniter\Database\BaseConnection->query('SELECT *\nFROM "...', Array, false)
#5 C:\Users\Richard\Downloads\codeigniter4-framework-d021b04\system\Model.php(286): CodeIgniter\Database\BaseBuilder->get()
#6 C:\Users\Richard\Downloads\codeigniter4-framework-d021b04\system\BaseModel.php(679): CodeIgniter\Model->doFindAll(0, 0)
#7 C:\Users\Richard\Downloads\codeigniter4-framework-d021b04\app\Models\LaboratorioModel.php(13): CodeIgniter\BaseModel->findAll()
#8 C:\Users\Richard\Downloads\codeigniter4-framework-d021b04\app\Controllers\Laboratorio.php(17): App\Models\LaboratorioModel->listarLaboratorios()
#9 C:\Users\Richard\Downloads\codeigniter4-framework-d021b04\system\CodeIgniter.php(933): App\Controllers\Laboratorio->index()
#10 C:\Users\Richard\Downloads\codeigniter4-framework-d021b04\system\CodeIgniter.php(507): CodeIgniter\CodeIgniter->runController(Object(App\Controllers\Laboratorio))
#11 C:\Users\Richard\Downloads\codeigniter4-framework-d021b04\system\CodeIgniter.php(354): CodeIgniter\CodeIgniter->handleRequest(NULL, Object(Config\Cache), false)
#12 C:\Users\Richard\Downloads\codeigniter4-framework-d021b04\system\Boot.php(334): CodeIgniter\CodeIgniter->run()
#13 C:\Users\Richard\Downloads\codeigniter4-framework-d021b04\system\Boot.php(67): CodeIgniter\Boot::runCodeIgniter(Object(CodeIgniter\CodeIgniter))
#14 C:\Users\Richard\Downloads\codeigniter4-framework-d021b04\public\index.php(59): CodeIgniter\Boot::bootWeb(Object(Config\Paths))
#15 C:\Users\Richard\Downloads\codeigniter4-framework-d021b04\system\rewrite.php(44): require_once('C:\\Users\\Richar...')
#16 {main}
CRITICAL - 2025-06-18 22:47:34 --> CodeIgniter\Database\Exceptions\DatabaseException: Unable to connect to the database.
Main connection [Postgre]: pg_connect(): Unable to connect to PostgreSQL server: received invalid response to SSL negotiation: J
[Method: GET, Route: /]
in SYSTEMPATH\Database\BaseConnection.php on line 467.
 1 SYSTEMPATH\Database\BaseConnection.php(620): CodeIgniter\Database\BaseConnection->initialize()
 2 SYSTEMPATH\Database\BaseBuilder.php(1649): CodeIgniter\Database\BaseConnection->query('SELECT *
FROM "laboratorio"', [], false)
 3 SYSTEMPATH\Model.php(286): CodeIgniter\Database\BaseBuilder->get()
 4 SYSTEMPATH\BaseModel.php(679): CodeIgniter\Model->doFindAll(0, 0)
 5 APPPATH\Models\LaboratorioModel.php(13): CodeIgniter\BaseModel->findAll()
 6 APPPATH\Controllers\Laboratorio.php(17): App\Models\LaboratorioModel->listarLaboratorios()
 7 SYSTEMPATH\CodeIgniter.php(933): App\Controllers\Laboratorio->index()
 8 SYSTEMPATH\CodeIgniter.php(507): CodeIgniter\CodeIgniter->runController(Object(App\Controllers\Laboratorio))
 9 SYSTEMPATH\CodeIgniter.php(354): CodeIgniter\CodeIgniter->handleRequest(null, Object(Config\Cache), false)
10 SYSTEMPATH\Boot.php(334): CodeIgniter\CodeIgniter->run()
11 SYSTEMPATH\Boot.php(67): CodeIgniter\Boot::runCodeIgniter(Object(CodeIgniter\CodeIgniter))
12 FCPATH\index.php(59): CodeIgniter\Boot::bootWeb(Object(Config\Paths))
13 SYSTEMPATH\rewrite.php(44): require_once('C:\\Users\\Richard\\Downloads\\codeigniter4-framework-d021b04\\public\\index.php')
ERROR - 2025-06-18 22:47:42 --> Error connecting to the database: ErrorException: pg_connect(): Unable to connect to PostgreSQL server: received invalid response to SSL negotiation: J in C:\Users\Richard\Downloads\codeigniter4-framework-d021b04\system\Database\Postgre\Connection.php:78
Stack trace:
#0 [internal function]: CodeIgniter\Debug\Exceptions->errorHandler(2, 'pg_connect(): U...', 'C:\\Users\\Richar...', 78)
#1 C:\Users\Richard\Downloads\codeigniter4-framework-d021b04\system\Database\Postgre\Connection.php(78): pg_connect('host=localhost ...')
#2 C:\Users\Richard\Downloads\codeigniter4-framework-d021b04\system\Database\BaseConnection.php(421): CodeIgniter\Database\Postgre\Connection->connect(false)
#3 C:\Users\Richard\Downloads\codeigniter4-framework-d021b04\system\Database\BaseConnection.php(620): CodeIgniter\Database\BaseConnection->initialize()
#4 C:\Users\Richard\Downloads\codeigniter4-framework-d021b04\system\Database\BaseBuilder.php(1649): CodeIgniter\Database\BaseConnection->query('SELECT *\nFROM "...', Array, false)
#5 C:\Users\Richard\Downloads\codeigniter4-framework-d021b04\system\Model.php(286): CodeIgniter\Database\BaseBuilder->get()
#6 C:\Users\Richard\Downloads\codeigniter4-framework-d021b04\system\BaseModel.php(679): CodeIgniter\Model->doFindAll(0, 0)
#7 C:\Users\Richard\Downloads\codeigniter4-framework-d021b04\app\Models\LaboratorioModel.php(13): CodeIgniter\BaseModel->findAll()
#8 C:\Users\Richard\Downloads\codeigniter4-framework-d021b04\app\Controllers\Laboratorio.php(17): App\Models\LaboratorioModel->listarLaboratorios()
#9 C:\Users\Richard\Downloads\codeigniter4-framework-d021b04\system\CodeIgniter.php(933): App\Controllers\Laboratorio->index()
#10 C:\Users\Richard\Downloads\codeigniter4-framework-d021b04\system\CodeIgniter.php(507): CodeIgniter\CodeIgniter->runController(Object(App\Controllers\Laboratorio))
#11 C:\Users\Richard\Downloads\codeigniter4-framework-d021b04\system\CodeIgniter.php(354): CodeIgniter\CodeIgniter->handleRequest(NULL, Object(Config\Cache), false)
#12 C:\Users\Richard\Downloads\codeigniter4-framework-d021b04\system\Boot.php(334): CodeIgniter\CodeIgniter->run()
#13 C:\Users\Richard\Downloads\codeigniter4-framework-d021b04\system\Boot.php(67): CodeIgniter\Boot::runCodeIgniter(Object(CodeIgniter\CodeIgniter))
#14 C:\Users\Richard\Downloads\codeigniter4-framework-d021b04\public\index.php(59): CodeIgniter\Boot::bootWeb(Object(Config\Paths))
#15 C:\Users\Richard\Downloads\codeigniter4-framework-d021b04\system\rewrite.php(44): require_once('C:\\Users\\Richar...')
#16 {main}
CRITICAL - 2025-06-18 22:47:42 --> CodeIgniter\Database\Exceptions\DatabaseException: Unable to connect to the database.
Main connection [Postgre]: pg_connect(): Unable to connect to PostgreSQL server: received invalid response to SSL negotiation: J
[Method: GET, Route: /]
in SYSTEMPATH\Database\BaseConnection.php on line 467.
 1 SYSTEMPATH\Database\BaseConnection.php(620): CodeIgniter\Database\BaseConnection->initialize()
 2 SYSTEMPATH\Database\BaseBuilder.php(1649): CodeIgniter\Database\BaseConnection->query('SELECT *
FROM "laboratorio"', [], false)
 3 SYSTEMPATH\Model.php(286): CodeIgniter\Database\BaseBuilder->get()
 4 SYSTEMPATH\BaseModel.php(679): CodeIgniter\Model->doFindAll(0, 0)
 5 APPPATH\Models\LaboratorioModel.php(13): CodeIgniter\BaseModel->findAll()
 6 APPPATH\Controllers\Laboratorio.php(17): App\Models\LaboratorioModel->listarLaboratorios()
 7 SYSTEMPATH\CodeIgniter.php(933): App\Controllers\Laboratorio->index()
 8 SYSTEMPATH\CodeIgniter.php(507): CodeIgniter\CodeIgniter->runController(Object(App\Controllers\Laboratorio))
 9 SYSTEMPATH\CodeIgniter.php(354): CodeIgniter\CodeIgniter->handleRequest(null, Object(Config\Cache), false)
10 SYSTEMPATH\Boot.php(334): CodeIgniter\CodeIgniter->run()
11 SYSTEMPATH\Boot.php(67): CodeIgniter\Boot::runCodeIgniter(Object(CodeIgniter\CodeIgniter))
12 FCPATH\index.php(59): CodeIgniter\Boot::bootWeb(Object(Config\Paths))
13 SYSTEMPATH\rewrite.php(44): require_once('C:\\Users\\Richard\\Downloads\\codeigniter4-framework-d021b04\\public\\index.php')
ERROR - 2025-06-18 22:47:45 --> Error connecting to the database: ErrorException: pg_connect(): Unable to connect to PostgreSQL server: received invalid response to SSL negotiation: J in C:\Users\Richard\Downloads\codeigniter4-framework-d021b04\system\Database\Postgre\Connection.php:78
Stack trace:
#0 [internal function]: CodeIgniter\Debug\Exceptions->errorHandler(2, 'pg_connect(): U...', 'C:\\Users\\Richar...', 78)
#1 C:\Users\Richard\Downloads\codeigniter4-framework-d021b04\system\Database\Postgre\Connection.php(78): pg_connect('host=localhost ...')
#2 C:\Users\Richard\Downloads\codeigniter4-framework-d021b04\system\Database\BaseConnection.php(421): CodeIgniter\Database\Postgre\Connection->connect(false)
#3 C:\Users\Richard\Downloads\codeigniter4-framework-d021b04\system\Database\BaseConnection.php(620): CodeIgniter\Database\BaseConnection->initialize()
#4 C:\Users\Richard\Downloads\codeigniter4-framework-d021b04\system\Database\BaseBuilder.php(1649): CodeIgniter\Database\BaseConnection->query('SELECT *\nFROM "...', Array, false)
#5 C:\Users\Richard\Downloads\codeigniter4-framework-d021b04\system\Model.php(286): CodeIgniter\Database\BaseBuilder->get()
#6 C:\Users\Richard\Downloads\codeigniter4-framework-d021b04\system\BaseModel.php(679): CodeIgniter\Model->doFindAll(0, 0)
#7 C:\Users\Richard\Downloads\codeigniter4-framework-d021b04\app\Models\LaboratorioModel.php(13): CodeIgniter\BaseModel->findAll()
#8 C:\Users\Richard\Downloads\codeigniter4-framework-d021b04\app\Controllers\Laboratorio.php(17): App\Models\LaboratorioModel->listarLaboratorios()
#9 C:\Users\Richard\Downloads\codeigniter4-framework-d021b04\system\CodeIgniter.php(933): App\Controllers\Laboratorio->index()
#10 C:\Users\Richard\Downloads\codeigniter4-framework-d021b04\system\CodeIgniter.php(507): CodeIgniter\CodeIgniter->runController(Object(App\Controllers\Laboratorio))
#11 C:\Users\Richard\Downloads\codeigniter4-framework-d021b04\system\CodeIgniter.php(354): CodeIgniter\CodeIgniter->handleRequest(NULL, Object(Config\Cache), false)
#12 C:\Users\Richard\Downloads\codeigniter4-framework-d021b04\system\Boot.php(334): CodeIgniter\CodeIgniter->run()
#13 C:\Users\Richard\Downloads\codeigniter4-framework-d021b04\system\Boot.php(67): CodeIgniter\Boot::runCodeIgniter(Object(CodeIgniter\CodeIgniter))
#14 C:\Users\Richard\Downloads\codeigniter4-framework-d021b04\public\index.php(59): CodeIgniter\Boot::bootWeb(Object(Config\Paths))
#15 C:\Users\Richard\Downloads\codeigniter4-framework-d021b04\system\rewrite.php(44): require_once('C:\\Users\\Richar...')
#16 {main}
CRITICAL - 2025-06-18 22:47:45 --> CodeIgniter\Database\Exceptions\DatabaseException: Unable to connect to the database.
Main connection [Postgre]: pg_connect(): Unable to connect to PostgreSQL server: received invalid response to SSL negotiation: J
[Method: GET, Route: /]
in SYSTEMPATH\Database\BaseConnection.php on line 467.
 1 SYSTEMPATH\Database\BaseConnection.php(620): CodeIgniter\Database\BaseConnection->initialize()
 2 SYSTEMPATH\Database\BaseBuilder.php(1649): CodeIgniter\Database\BaseConnection->query('SELECT *
FROM "laboratorio"', [], false)
 3 SYSTEMPATH\Model.php(286): CodeIgniter\Database\BaseBuilder->get()
 4 SYSTEMPATH\BaseModel.php(679): CodeIgniter\Model->doFindAll(0, 0)
 5 APPPATH\Models\LaboratorioModel.php(13): CodeIgniter\BaseModel->findAll()
 6 APPPATH\Controllers\Laboratorio.php(17): App\Models\LaboratorioModel->listarLaboratorios()
 7 SYSTEMPATH\CodeIgniter.php(933): App\Controllers\Laboratorio->index()
 8 SYSTEMPATH\CodeIgniter.php(507): CodeIgniter\CodeIgniter->runController(Object(App\Controllers\Laboratorio))
 9 SYSTEMPATH\CodeIgniter.php(354): CodeIgniter\CodeIgniter->handleRequest(null, Object(Config\Cache), false)
10 SYSTEMPATH\Boot.php(334): CodeIgniter\CodeIgniter->run()
11 SYSTEMPATH\Boot.php(67): CodeIgniter\Boot::runCodeIgniter(Object(CodeIgniter\CodeIgniter))
12 FCPATH\index.php(59): CodeIgniter\Boot::bootWeb(Object(Config\Paths))
13 SYSTEMPATH\rewrite.php(44): require_once('C:\\Users\\Richard\\Downloads\\codeigniter4-framework-d021b04\\public\\index.php')
ERROR - 2025-06-18 22:47:57 --> Error connecting to the database: ErrorException: pg_connect(): Unable to connect to PostgreSQL server: received invalid response to SSL negotiation: J in C:\Users\Richard\Downloads\codeigniter4-framework-d021b04\system\Database\Postgre\Connection.php:78
Stack trace:
#0 [internal function]: CodeIgniter\Debug\Exceptions->errorHandler(2, 'pg_connect(): U...', 'C:\\Users\\Richar...', 78)
#1 C:\Users\Richard\Downloads\codeigniter4-framework-d021b04\system\Database\Postgre\Connection.php(78): pg_connect('host=localhost ...')
#2 C:\Users\Richard\Downloads\codeigniter4-framework-d021b04\system\Database\BaseConnection.php(421): CodeIgniter\Database\Postgre\Connection->connect(false)
#3 C:\Users\Richard\Downloads\codeigniter4-framework-d021b04\system\Database\BaseConnection.php(620): CodeIgniter\Database\BaseConnection->initialize()
#4 C:\Users\Richard\Downloads\codeigniter4-framework-d021b04\system\Database\BaseBuilder.php(1649): CodeIgniter\Database\BaseConnection->query('SELECT *\nFROM "...', Array, false)
#5 C:\Users\Richard\Downloads\codeigniter4-framework-d021b04\system\Model.php(286): CodeIgniter\Database\BaseBuilder->get()
#6 C:\Users\Richard\Downloads\codeigniter4-framework-d021b04\system\BaseModel.php(679): CodeIgniter\Model->doFindAll(0, 0)
#7 C:\Users\Richard\Downloads\codeigniter4-framework-d021b04\app\Models\LaboratorioModel.php(13): CodeIgniter\BaseModel->findAll()
#8 C:\Users\Richard\Downloads\codeigniter4-framework-d021b04\app\Controllers\Laboratorio.php(17): App\Models\LaboratorioModel->listarLaboratorios()
#9 C:\Users\Richard\Downloads\codeigniter4-framework-d021b04\system\CodeIgniter.php(933): App\Controllers\Laboratorio->index()
#10 C:\Users\Richard\Downloads\codeigniter4-framework-d021b04\system\CodeIgniter.php(507): CodeIgniter\CodeIgniter->runController(Object(App\Controllers\Laboratorio))
#11 C:\Users\Richard\Downloads\codeigniter4-framework-d021b04\system\CodeIgniter.php(354): CodeIgniter\CodeIgniter->handleRequest(NULL, Object(Config\Cache), false)
#12 C:\Users\Richard\Downloads\codeigniter4-framework-d021b04\system\Boot.php(334): CodeIgniter\CodeIgniter->run()
#13 C:\Users\Richard\Downloads\codeigniter4-framework-d021b04\system\Boot.php(67): CodeIgniter\Boot::runCodeIgniter(Object(CodeIgniter\CodeIgniter))
#14 C:\Users\Richard\Downloads\codeigniter4-framework-d021b04\public\index.php(59): CodeIgniter\Boot::bootWeb(Object(Config\Paths))
#15 C:\Users\Richard\Downloads\codeigniter4-framework-d021b04\system\rewrite.php(44): require_once('C:\\Users\\Richar...')
#16 {main}
CRITICAL - 2025-06-18 22:47:57 --> CodeIgniter\Database\Exceptions\DatabaseException: Unable to connect to the database.
Main connection [Postgre]: pg_connect(): Unable to connect to PostgreSQL server: received invalid response to SSL negotiation: J
[Method: GET, Route: /]
in SYSTEMPATH\Database\BaseConnection.php on line 467.
 1 SYSTEMPATH\Database\BaseConnection.php(620): CodeIgniter\Database\BaseConnection->initialize()
 2 SYSTEMPATH\Database\BaseBuilder.php(1649): CodeIgniter\Database\BaseConnection->query('SELECT *
FROM "laboratorio"', [], false)
 3 SYSTEMPATH\Model.php(286): CodeIgniter\Database\BaseBuilder->get()
 4 SYSTEMPATH\BaseModel.php(679): CodeIgniter\Model->doFindAll(0, 0)
 5 APPPATH\Models\LaboratorioModel.php(13): CodeIgniter\BaseModel->findAll()
 6 APPPATH\Controllers\Laboratorio.php(17): App\Models\LaboratorioModel->listarLaboratorios()
 7 SYSTEMPATH\CodeIgniter.php(933): App\Controllers\Laboratorio->index()
 8 SYSTEMPATH\CodeIgniter.php(507): CodeIgniter\CodeIgniter->runController(Object(App\Controllers\Laboratorio))
 9 SYSTEMPATH\CodeIgniter.php(354): CodeIgniter\CodeIgniter->handleRequest(null, Object(Config\Cache), false)
10 SYSTEMPATH\Boot.php(334): CodeIgniter\CodeIgniter->run()
11 SYSTEMPATH\Boot.php(67): CodeIgniter\Boot::runCodeIgniter(Object(CodeIgniter\CodeIgniter))
12 FCPATH\index.php(59): CodeIgniter\Boot::bootWeb(Object(Config\Paths))
13 SYSTEMPATH\rewrite.php(44): require_once('C:\\Users\\Richard\\Downloads\\codeigniter4-framework-d021b04\\public\\index.php')
ERROR - 2025-06-18 22:49:05 --> Error connecting to the database: ErrorException: pg_connect(): Unable to connect to PostgreSQL server: received invalid response to SSL negotiation: J in C:\Users\Richard\Downloads\codeigniter4-framework-d021b04\system\Database\Postgre\Connection.php:78
Stack trace:
#0 [internal function]: CodeIgniter\Debug\Exceptions->errorHandler(2, 'pg_connect(): U...', 'C:\\Users\\Richar...', 78)
#1 C:\Users\Richard\Downloads\codeigniter4-framework-d021b04\system\Database\Postgre\Connection.php(78): pg_connect('host=localhost ...')
#2 C:\Users\Richard\Downloads\codeigniter4-framework-d021b04\system\Database\BaseConnection.php(421): CodeIgniter\Database\Postgre\Connection->connect(false)
#3 C:\Users\Richard\Downloads\codeigniter4-framework-d021b04\system\Database\BaseConnection.php(620): CodeIgniter\Database\BaseConnection->initialize()
#4 C:\Users\Richard\Downloads\codeigniter4-framework-d021b04\system\Database\BaseBuilder.php(1649): CodeIgniter\Database\BaseConnection->query('SELECT *\nFROM "...', Array, false)
#5 C:\Users\Richard\Downloads\codeigniter4-framework-d021b04\system\Model.php(286): CodeIgniter\Database\BaseBuilder->get()
#6 C:\Users\Richard\Downloads\codeigniter4-framework-d021b04\system\BaseModel.php(679): CodeIgniter\Model->doFindAll(0, 0)
#7 C:\Users\Richard\Downloads\codeigniter4-framework-d021b04\app\Models\LaboratorioModel.php(13): CodeIgniter\BaseModel->findAll()
#8 C:\Users\Richard\Downloads\codeigniter4-framework-d021b04\app\Controllers\Laboratorio.php(17): App\Models\LaboratorioModel->listarLaboratorios()
#9 C:\Users\Richard\Downloads\codeigniter4-framework-d021b04\system\CodeIgniter.php(933): App\Controllers\Laboratorio->index()
#10 C:\Users\Richard\Downloads\codeigniter4-framework-d021b04\system\CodeIgniter.php(507): CodeIgniter\CodeIgniter->runController(Object(App\Controllers\Laboratorio))
#11 C:\Users\Richard\Downloads\codeigniter4-framework-d021b04\system\CodeIgniter.php(354): CodeIgniter\CodeIgniter->handleRequest(NULL, Object(Config\Cache), false)
#12 C:\Users\Richard\Downloads\codeigniter4-framework-d021b04\system\Boot.php(334): CodeIgniter\CodeIgniter->run()
#13 C:\Users\Richard\Downloads\codeigniter4-framework-d021b04\system\Boot.php(67): CodeIgniter\Boot::runCodeIgniter(Object(CodeIgniter\CodeIgniter))
#14 C:\Users\Richard\Downloads\codeigniter4-framework-d021b04\public\index.php(59): CodeIgniter\Boot::bootWeb(Object(Config\Paths))
#15 C:\Users\Richard\Downloads\codeigniter4-framework-d021b04\system\rewrite.php(44): require_once('C:\\Users\\Richar...')
#16 {main}
CRITICAL - 2025-06-18 22:49:05 --> CodeIgniter\Database\Exceptions\DatabaseException: Unable to connect to the database.
Main connection [Postgre]: pg_connect(): Unable to connect to PostgreSQL server: received invalid response to SSL negotiation: J
[Method: GET, Route: laboratorio]
in SYSTEMPATH\Database\BaseConnection.php on line 467.
 1 SYSTEMPATH\Database\BaseConnection.php(620): CodeIgniter\Database\BaseConnection->initialize()
 2 SYSTEMPATH\Database\BaseBuilder.php(1649): CodeIgniter\Database\BaseConnection->query('SELECT *
FROM "laboratorio"', [], false)
 3 SYSTEMPATH\Model.php(286): CodeIgniter\Database\BaseBuilder->get()
 4 SYSTEMPATH\BaseModel.php(679): CodeIgniter\Model->doFindAll(0, 0)
 5 APPPATH\Models\LaboratorioModel.php(13): CodeIgniter\BaseModel->findAll()
 6 APPPATH\Controllers\Laboratorio.php(17): App\Models\LaboratorioModel->listarLaboratorios()
 7 SYSTEMPATH\CodeIgniter.php(933): App\Controllers\Laboratorio->index()
 8 SYSTEMPATH\CodeIgniter.php(507): CodeIgniter\CodeIgniter->runController(Object(App\Controllers\Laboratorio))
 9 SYSTEMPATH\CodeIgniter.php(354): CodeIgniter\CodeIgniter->handleRequest(null, Object(Config\Cache), false)
10 SYSTEMPATH\Boot.php(334): CodeIgniter\CodeIgniter->run()
11 SYSTEMPATH\Boot.php(67): CodeIgniter\Boot::runCodeIgniter(Object(CodeIgniter\CodeIgniter))
12 FCPATH\index.php(59): CodeIgniter\Boot::bootWeb(Object(Config\Paths))
13 SYSTEMPATH\rewrite.php(44): require_once('C:\\Users\\Richard\\Downloads\\codeigniter4-framework-d021b04\\public\\index.php')
ERROR - 2025-06-18 22:50:33 --> Error connecting to the database: ErrorException: pg_connect(): Unable to connect to PostgreSQL server: received invalid response to SSL negotiation: J in C:\Users\Richard\Downloads\codeigniter4-framework-d021b04\system\Database\Postgre\Connection.php:78
Stack trace:
#0 [internal function]: CodeIgniter\Debug\Exceptions->errorHandler(2, 'pg_connect(): U...', 'C:\\Users\\Richar...', 78)
#1 C:\Users\Richard\Downloads\codeigniter4-framework-d021b04\system\Database\Postgre\Connection.php(78): pg_connect('host=localhost ...')
#2 C:\Users\Richard\Downloads\codeigniter4-framework-d021b04\system\Database\BaseConnection.php(421): CodeIgniter\Database\Postgre\Connection->connect(false)
#3 C:\Users\Richard\Downloads\codeigniter4-framework-d021b04\system\Database\BaseConnection.php(620): CodeIgniter\Database\BaseConnection->initialize()
#4 C:\Users\Richard\Downloads\codeigniter4-framework-d021b04\system\Database\BaseBuilder.php(1649): CodeIgniter\Database\BaseConnection->query('SELECT *\nFROM "...', Array, false)
#5 C:\Users\Richard\Downloads\codeigniter4-framework-d021b04\system\Model.php(286): CodeIgniter\Database\BaseBuilder->get()
#6 C:\Users\Richard\Downloads\codeigniter4-framework-d021b04\system\BaseModel.php(679): CodeIgniter\Model->doFindAll(0, 0)
#7 C:\Users\Richard\Downloads\codeigniter4-framework-d021b04\app\Models\LaboratorioModel.php(13): CodeIgniter\BaseModel->findAll()
#8 C:\Users\Richard\Downloads\codeigniter4-framework-d021b04\app\Controllers\Laboratorio.php(17): App\Models\LaboratorioModel->listarLaboratorios()
#9 C:\Users\Richard\Downloads\codeigniter4-framework-d021b04\system\CodeIgniter.php(933): App\Controllers\Laboratorio->index()
#10 C:\Users\Richard\Downloads\codeigniter4-framework-d021b04\system\CodeIgniter.php(507): CodeIgniter\CodeIgniter->runController(Object(App\Controllers\Laboratorio))
#11 C:\Users\Richard\Downloads\codeigniter4-framework-d021b04\system\CodeIgniter.php(354): CodeIgniter\CodeIgniter->handleRequest(NULL, Object(Config\Cache), false)
#12 C:\Users\Richard\Downloads\codeigniter4-framework-d021b04\system\Boot.php(334): CodeIgniter\CodeIgniter->run()
#13 C:\Users\Richard\Downloads\codeigniter4-framework-d021b04\system\Boot.php(67): CodeIgniter\Boot::runCodeIgniter(Object(CodeIgniter\CodeIgniter))
#14 C:\Users\Richard\Downloads\codeigniter4-framework-d021b04\public\index.php(59): CodeIgniter\Boot::bootWeb(Object(Config\Paths))
#15 C:\Users\Richard\Downloads\codeigniter4-framework-d021b04\system\rewrite.php(44): require_once('C:\\Users\\Richar...')
#16 {main}
CRITICAL - 2025-06-18 22:50:33 --> CodeIgniter\Database\Exceptions\DatabaseException: Unable to connect to the database.
Main connection [Postgre]: pg_connect(): Unable to connect to PostgreSQL server: received invalid response to SSL negotiation: J
[Method: GET, Route: laboratorio]
in SYSTEMPATH\Database\BaseConnection.php on line 467.
 1 SYSTEMPATH\Database\BaseConnection.php(620): CodeIgniter\Database\BaseConnection->initialize()
 2 SYSTEMPATH\Database\BaseBuilder.php(1649): CodeIgniter\Database\BaseConnection->query('SELECT *
FROM "laboratorio"', [], false)
 3 SYSTEMPATH\Model.php(286): CodeIgniter\Database\BaseBuilder->get()
 4 SYSTEMPATH\BaseModel.php(679): CodeIgniter\Model->doFindAll(0, 0)
 5 APPPATH\Models\LaboratorioModel.php(13): CodeIgniter\BaseModel->findAll()
 6 APPPATH\Controllers\Laboratorio.php(17): App\Models\LaboratorioModel->listarLaboratorios()
 7 SYSTEMPATH\CodeIgniter.php(933): App\Controllers\Laboratorio->index()
 8 SYSTEMPATH\CodeIgniter.php(507): CodeIgniter\CodeIgniter->runController(Object(App\Controllers\Laboratorio))
 9 SYSTEMPATH\CodeIgniter.php(354): CodeIgniter\CodeIgniter->handleRequest(null, Object(Config\Cache), false)
10 SYSTEMPATH\Boot.php(334): CodeIgniter\CodeIgniter->run()
11 SYSTEMPATH\Boot.php(67): CodeIgniter\Boot::runCodeIgniter(Object(CodeIgniter\CodeIgniter))
12 FCPATH\index.php(59): CodeIgniter\Boot::bootWeb(Object(Config\Paths))
13 SYSTEMPATH\rewrite.php(44): require_once('C:\\Users\\Richard\\Downloads\\codeigniter4-framework-d021b04\\public\\index.php')
